\BOOKMARK [0][-]{chapter.1}{\376\377\000I\000n\000t\000r\000o\000d\000u\000c\000t\000i\000o\000n}{}% 1
\BOOKMARK [0][-]{chapter.2}{\376\377\000R\000u\000n\000n\000i\000n\000g\000\040\000B\000e\000a\000m\000D\000y\000n}{}% 2
\BOOKMARK [1][-]{section.2.1}{\376\377\000D\000o\000w\000n\000l\000o\000a\000d\000i\000n\000g\000\040\000t\000h\000e\000\040\000B\000e\000a\000m\000D\000y\000n\000\040\000S\000o\000f\000t\000w\000a\000r\000e}{chapter.2}% 3
\BOOKMARK [2][-]{subsection.2.1.1}{\376\377\000S\000t\000a\000n\000d\000-\000A\000l\000o\000n\000e\000\040\000B\000e\000a\000m\000D\000y\000n\000\040\000A\000r\000c\000h\000i\000v\000e}{section.2.1}% 4
\BOOKMARK [2][-]{subsection.2.1.2}{\376\377\000F\000A\000S\000T\000\040\000A\000r\000c\000h\000i\000v\000e}{section.2.1}% 5
\BOOKMARK [1][-]{section.2.2}{\376\377\000R\000u\000n\000n\000i\000n\000g\000\040\000B\000e\000a\000m\000D\000y\000n}{chapter.2}% 6
\BOOKMARK [2][-]{subsection.2.2.1}{\376\377\000R\000u\000n\000n\000i\000n\000g\000\040\000t\000h\000e\000\040\000S\000t\000a\000n\000d\000-\000A\000l\000o\000n\000e\000\040\000B\000e\000a\000m\000D\000y\000n\000\040\000P\000r\000o\000g\000r\000a\000m}{section.2.2}% 7
\BOOKMARK [2][-]{subsection.2.2.2}{\376\377\000R\000u\000n\000n\000i\000n\000g\000\040\000B\000e\000a\000m\000D\000y\000n\000\040\000C\000o\000u\000p\000l\000e\000d\000\040\000t\000o\000\040\000F\000A\000S\000T}{section.2.2}% 8
\BOOKMARK [0][-]{chapter.3}{\376\377\000I\000n\000p\000u\000t\000\040\000F\000i\000l\000e\000s}{}% 9
\BOOKMARK [1][-]{section.3.1}{\376\377\000U\000n\000i\000t\000s}{chapter.3}% 10
\BOOKMARK [1][-]{section.3.2}{\376\377\000B\000e\000a\000m\000D\000y\000n\000\040\000D\000r\000i\000v\000e\000r\000\040\000I\000n\000p\000u\000t\000\040\000F\000i\000l\000e}{chapter.3}% 11
\BOOKMARK [2][-]{subsection.3.2.1}{\376\377\000S\000i\000m\000u\000l\000a\000t\000i\000o\000n\000\040\000C\000o\000n\000t\000r\000o\000l\000\040\000P\000a\000r\000a\000m\000e\000t\000e\000r\000s}{section.3.2}% 12
\BOOKMARK [2][-]{subsection.3.2.2}{\376\377\000G\000r\000a\000v\000i\000t\000y\000\040\000P\000a\000r\000a\000m\000e\000t\000e\000r\000s}{section.3.2}% 13
\BOOKMARK [2][-]{subsection.3.2.3}{\376\377\000I\000n\000e\000r\000t\000i\000a\000l\000\040\000F\000r\000a\000m\000e\000\040\000P\000a\000r\000a\000m\000e\000t\000e\000r\000s}{section.3.2}% 14
\BOOKMARK [2][-]{subsection.3.2.4}{\376\377\000F\000l\000o\000a\000t\000i\000n\000g\000\040\000B\000l\000a\000d\000e\000\040\000R\000e\000f\000e\000r\000e\000n\000c\000e\000\040\000F\000r\000a\000m\000e\000\040\000P\000a\000r\000a\000m\000e\000t\000e\000r\000s}{section.3.2}% 15
\BOOKMARK [2][-]{subsection.3.2.5}{\376\377\000A\000p\000p\000l\000i\000e\000d\000\040\000L\000o\000a\000d}{section.3.2}% 16
\BOOKMARK [2][-]{subsection.3.2.6}{\376\377\000P\000r\000i\000m\000a\000r\000y\000\040\000I\000n\000p\000u\000t\000\040\000F\000i\000l\000e}{section.3.2}% 17
\BOOKMARK [1][-]{section.3.3}{\376\377\000B\000e\000a\000m\000D\000y\000n\000\040\000P\000r\000i\000m\000a\000r\000y\000\040\000I\000n\000p\000u\000t\000\040\000F\000i\000l\000e}{chapter.3}% 18
\BOOKMARK [2][-]{subsection.3.3.1}{\376\377\000S\000i\000m\000u\000l\000a\000t\000i\000o\000n\000\040\000C\000o\000n\000t\000r\000o\000l\000s}{section.3.3}% 19
\BOOKMARK [2][-]{subsection.3.3.2}{\376\377\000G\000e\000o\000m\000e\000t\000r\000y\000\040\000P\000a\000r\000a\000m\000e\000t\000e\000r}{section.3.3}% 20
\BOOKMARK [2][-]{subsection.3.3.3}{\376\377\000M\000e\000s\000h\000\040\000P\000a\000r\000a\000m\000e\000t\000e\000r}{section.3.3}% 21
\BOOKMARK [2][-]{subsection.3.3.4}{\376\377\000M\000a\000t\000e\000r\000i\000a\000l\000\040\000P\000a\000r\000a\000m\000e\000t\000e\000r}{section.3.3}% 22
\BOOKMARK [2][-]{subsection.3.3.5}{\376\377\000P\000i\000t\000c\000h\000\040\000A\000c\000t\000u\000a\000t\000o\000r\000\040\000P\000a\000r\000a\000m\000e\000t\000e\000r}{section.3.3}% 23
\BOOKMARK [2][-]{subsection.3.3.6}{\376\377\000O\000u\000t\000p\000u\000t\000s}{section.3.3}% 24
\BOOKMARK [1][-]{section.3.4}{\376\377\000B\000l\000a\000d\000e\000\040\000I\000n\000p\000u\000t\000\040\000F\000i\000l\000e}{chapter.3}% 25
\BOOKMARK [2][-]{subsection.3.4.1}{\376\377\000B\000l\000a\000d\000e\000\040\000P\000a\000r\000a\000m\000e\000t\000e\000r\000s}{section.3.4}% 26
\BOOKMARK [2][-]{subsection.3.4.2}{\376\377\000D\000a\000m\000p\000i\000n\000g\000\040\000C\000o\000e\000f\000f\000i\000c\000i\000e\000n\000t}{section.3.4}% 27
\BOOKMARK [2][-]{subsection.3.4.3}{\376\377\000D\000i\000s\000t\000r\000i\000b\000u\000t\000e\000d\000\040\000P\000r\000o\000p\000e\000r\000t\000i\000e\000s}{section.3.4}% 28
\BOOKMARK [0][-]{chapter.4}{\376\377\000O\000u\000t\000p\000u\000t\000\040\000F\000i\000l\000e\000s}{}% 29
\BOOKMARK [1][-]{section.4.1}{\376\377\000E\000c\000h\000o\000\040\000F\000i\000l\000e}{chapter.4}% 30
\BOOKMARK [1][-]{section.4.2}{\376\377\000S\000u\000m\000m\000a\000r\000y\000\040\000F\000i\000l\000e}{chapter.4}% 31
\BOOKMARK [1][-]{section.4.3}{\376\377\000R\000e\000s\000u\000l\000t\000s\000\040\000F\000i\000l\000e}{chapter.4}% 32
\BOOKMARK [0][-]{chapter.5}{\376\377\000B\000e\000a\000m\000D\000y\000n\000\040\000T\000h\000e\000o\000r\000y}{}% 33
\BOOKMARK [1][-]{section.5.1}{\376\377\000C\000o\000o\000r\000d\000i\000n\000a\000t\000e\000\040\000S\000y\000s\000t\000e\000m\000s}{chapter.5}% 34
\BOOKMARK [2][-]{subsection.5.1.1}{\376\377\000G\000l\000o\000b\000a\000l\000\040\000C\000o\000o\000r\000d\000i\000n\000a\000t\000e\000\040\000S\000y\000s\000t\000e\000m}{section.5.1}% 35
\BOOKMARK [2][-]{subsection.5.1.2}{\376\377\000B\000D\000\040\000C\000o\000o\000r\000d\000i\000n\000a\000t\000e\000\040\000S\000y\000s\000t\000e\000m}{section.5.1}% 36
\BOOKMARK [2][-]{subsection.5.1.3}{\376\377\000B\000l\000a\000d\000e\000\040\000R\000e\000f\000e\000r\000e\000n\000c\000e\000\040\000C\000o\000o\000r\000d\000i\000n\000a\000t\000e\000\040\000S\000y\000s\000t\000e\000m}{section.5.1}% 37
\BOOKMARK [1][-]{section.5.2}{\376\377\000G\000e\000o\000m\000e\000t\000r\000i\000c\000a\000l\000l\000y\000\040\000E\000x\000a\000c\000t\000\040\000B\000e\000a\000m\000\040\000T\000h\000e\000o\000r\000y}{chapter.5}% 38
\BOOKMARK [1][-]{section.5.3}{\376\377\000N\000u\000m\000e\000r\000i\000c\000a\000l\000\040\000I\000m\000p\000l\000e\000m\000e\000n\000t\000a\000t\000i\000o\000n\000\040\000w\000i\000t\000h\000\040\000L\000e\000g\000e\000n\000d\000r\000e\000\040\000S\000p\000e\000c\000t\000r\000a\000l\000\040\000F\000i\000n\000i\000t\000e\000\040\000E\000l\000e\000m\000e\000n\000t\000s}{chapter.5}% 39
\BOOKMARK [1][-]{section.5.4}{\376\377\000W\000i\000e\000n\000e\000r\000-\000M\000i\000l\000e\000n\000k\000o\000v\000i\001\007\000\040\000R\000o\000t\000a\000t\000i\000o\000n\000\040\000P\000a\000r\000a\000m\000e\000t\000e\000r}{chapter.5}% 40
\BOOKMARK [1][-]{section.5.5}{\376\377\000L\000i\000n\000e\000a\000r\000i\000z\000a\000t\000i\000o\000n\000\040\000P\000r\000o\000c\000e\000s\000s}{chapter.5}% 41
\BOOKMARK [1][-]{section.5.6}{\376\377\000D\000a\000m\000p\000i\000n\000g\000\040\000F\000o\000r\000c\000e\000s\000\040\000a\000n\000d\000\040\000L\000i\000n\000e\000a\000r\000i\000z\000a\000t\000i\000o\000n}{chapter.5}% 42
\BOOKMARK [1][-]{section.5.7}{\376\377\000C\000o\000n\000v\000e\000r\000g\000e\000n\000c\000e\000\040\000C\000r\000i\000t\000e\000r\000i\000o\000n\000\040\000a\000n\000d\000\040\000G\000e\000n\000e\000r\000a\000l\000i\000z\000e\000d\000-\000\040\000T\000i\000m\000e\000\040\000I\000n\000t\000e\000g\000r\000a\000t\000o\000r}{chapter.5}% 43
\BOOKMARK [1][-]{section.5.8}{\376\377\000C\000a\000l\000c\000u\000l\000a\000t\000i\000o\000n\000\040\000o\000f\000\040\000R\000e\000a\000c\000t\000i\000o\000n\000\040\000F\000o\000r\000c\000e}{chapter.5}% 44
\BOOKMARK [0][-]{appendix.A}{\376\377\000B\000e\000a\000m\000D\000y\000n\000\040\000D\000r\000i\000v\000e\000r\000\040\000I\000n\000p\000u\000t\000\040\000F\000i\000l\000e}{}% 45
\BOOKMARK [0][-]{appendix.B}{\376\377\000B\000e\000a\000m\000D\000y\000n\000\040\000P\000r\000i\000m\000a\000r\000y\000\040\000I\000n\000p\000u\000t\000\040\000F\000i\000l\000e\000:\000\040\000N\000R\000E\000L\000\040\0005\000-\000M\000W\000\040\000R\000e\000f\000e\000r\000e\000n\000c\000e\000\040\000W\000i\000n\000d\000\040\000T\000u\000r\000b\000i\000n\000e}{}% 46
\BOOKMARK [0][-]{appendix.C}{\376\377\000B\000e\000a\000m\000D\000y\000n\000\040\000B\000l\000a\000d\000e\000\040\000I\000n\000p\000u\000t\000\040\000F\000i\000l\000e\000:\000\040\000N\000R\000E\000L\000\040\0005\000-\000M\000W\000\040\000R\000e\000f\000e\000r\000e\000n\000c\000e\000\040\000W\000i\000n\000d\000\040\000T\000u\000r\000b\000i\000n\000e\000\040\000B\000l\000a\000d\000e}{}% 47
\BOOKMARK [0][-]{appendix.D}{\376\377\000B\000e\000a\000m\000D\000y\000n\000\040\000L\000i\000s\000t\000\040\000o\000f\000\040\000O\000u\000t\000p\000u\000t\000\040\000C\000h\000a\000n\000n\000e\000l\000s}{}% 48
\BOOKMARK [0][-]{appendix*.10}{\376\377\000R\000e\000f\000e\000r\000e\000n\000c\000e\000s}{}% 49
